Arguments: 
  C:\Program Files\nodejs\node.exe C:\Users\admin\AppData\Roaming\npm\node_modules\yarn\bin\yarn.js

PATH: 
  C:\ProgramData\Oracle\Java\javapath;D:\OracleClient\bin;C:\Windows\system32;C:\Windows;C:\Windows\System32\Wbem;C:\Windows\System32\WindowsPowerShell\v1.0\;C:\Windows\System32\OpenSSH\;C:\Program Files (x86)\NVIDIA Corporation\PhysX\Common;C:\Program Files\Microsoft SQL Server\130\Tools\Binn\;D:\Program Files\Java\jdk1.8.0_101\bin;D:\Program Files\TortoiseSVN\bin;;\bin;D:\Ruby25-x64\bin;D:\Sencha\Cmd;"D:\Program Files\Java\jdk1.8.0_101\lib;";"D:\Program Files\Java\jdk1.8.0_101\lib\tools.jar;D:\Program Files\Java\jdk1.8.0_101\lib\dt.jar;C:\WINDOWS\system32;C:\WINDOWS;C:\WINDOWS\System32\Wbem;C:\WINDOWS\System32\WindowsPowerShell\v1.0\;C:\WINDOWS\System32\OpenSSH\;";C:\Program Files\nodejs\;C:\Program Files\dotnet\;D:\Ruby25-x64\bin;C:\Users\admin\AppData\Local\Microsoft\WindowsApps;D:\Android\sdk\platform-tools;F:\MySoft\Microsoft VS Code\bin;"D:\Program Files\Java\jdk1.8.0_101\bin;";D:\Program Files\Java\jdk1.8.0_101\jre\bin;"D:\Program Files\Java\jdk1.8.0_101\lib\tools.jar;D:\Program Files\Java\jdk1.8.0_101\lib\dt.jar;F:\Microsoft VS Code\bin;C:\Users\admin\AppData\Roaming\nvm;C:\Program Files\nodejs;C:\Users\admin\AppData\Roaming\npm";C:\Users\admin\AppData\Roaming\npm;C:\Users\admin\.dotnet\tools

Yarn version: 
  1.22.10

Node version: 
  14.16.0

Platform: 
  win32 x64

Trace: 
  Error: ENOENT: no such file or directory, copyfile 'C:\Users\admin\AppData\Local\Yarn\Cache\v6\npm-color-convert-1.9.3-bb71850690e1f136567de629d2d5471deda4c1e8-integrity\node_modules\color-convert\CHANGELOG.md' -> 'F:\vite-vue3\vue3-ts-demo\vite-vue3-ts\node_modules\@babel\highlight\node_modules\color-convert\CHANGELOG.md'

npm manifest: 
  {
    "name": "vite-vue3-starter",
    "version": "0.0.0",
    "scripts": {
      "dev": "vite",
      "build": "vue-tsc --noEmit && vite build",
      "serve": "vite preview"
    },
    "dependencies": {
      "axios": "^0.21.1",
      "element-plus": "^1.0.2-beta.41",
      "less": "^4.1.1",
      "vue": "^3.0.5",
      "vue-router": "^4.0.6",
      "vuex": "^4.0.0"
    },
    "devDependencies": {
      "@typescript-eslint/eslint-plugin": "4.22.0",
      "@typescript-eslint/parser": "^4.22.0",
      "@vitejs/plugin-vue": "^1.2.2",
      "@vue/compiler-sfc": "^3.0.5",
      "eslint": "^7.25.0",
      "eslint-config-airbnb-base": "^14.2.1",
      "eslint-plugin-import": "^2.22.1",
      "eslint-plugin-vue": "^7.9.0",
      "prettier": "^2.2.1",
      "typescript": "^4.1.3",
      "vite": "^2.2.3",
      "vue-tsc": "^0.0.24"
    }
  }

yarn manifest: 
  No manifest

Lockfile: 
  No lockfile
